[debug] [2020-04-13T16:05:39.704Z] ----------------------------------------------------------------------
[debug] [2020-04-13T16:05:39.707Z] Command:       C:\Program Files\nodejs\node.exe C:\Users\sanso\AppData\Roaming\npm\node_modules\firebase-tools\lib\bin\firebase.js init
[debug] [2020-04-13T16:05:39.707Z] CLI Version:   8.0.2
[debug] [2020-04-13T16:05:39.707Z] Platform:      win32
[debug] [2020-04-13T16:05:39.707Z] Node Version:  v12.13.0
[debug] [2020-04-13T16:05:39.708Z] Time:          Tue Apr 14 2020 01:05:39 GMT+0900 (Korean Standard Time)
[debug] [2020-04-13T16:05:39.708Z] ----------------------------------------------------------------------
[debug] [2020-04-13T16:05:39.708Z] 
[debug] [2020-04-13T16:05:39.716Z] > command requires scopes: ["email","openid","https://www.googleapis.com/auth/cloudplatformprojects.readonly","https://www.googleapis.com/auth/firebase","https://www.googleapis.com/auth/cloud-platform"]
[debug] [2020-04-13T16:05:39.717Z] > authorizing via signed-in user
[info] 
     ######## #### ########  ######## ########     ###     ######  ########
     ##        ##  ##     ## ##       ##     ##  ##   ##  ##       ##
     ######    ##  ########  ######   ########  #########  ######  ######
     ##        ##  ##    ##  ##       ##     ## ##     ##       ## ##
     ##       #### ##     ## ######## ########  ##     ##  ######  ########

You're about to initialize a Firebase project in this directory:

  C:\Users\sanso\Desktop\Develope\developer

Before we get started, keep in mind:

  * You are initializing in an existing Firebase project directory

